<?xml version="1.0" encoding="UTF-8"?>
<!-- Generated by org.testng.reporters.JUnitXMLReporter -->
<testsuite hostname="DESKTOP-AT125D0" ignored="1" name="AutomateIOTest" tests="1" failures="0" timestamp="02 Jul 2020 07:58:15 GMT" time="42.891" errors="0">
  <testcase name="PerformTask1" time="40.753" classname="com.maf.tests.AutomateIOTest"/>
  <testcase name="PerformTask2" time="0.0" classname="com.maf.tests.AutomateIOTest">
    <ignored/>
  </testcase> <!-- PerformTask2 -->
</testsuite> <!-- AutomateIOTest -->
